<?xml version="1.0" encoding="UTF-8" ?>
<testsuites>
  <testsuite errors="0" failures="0" hostname="uits-integration-msr-0753f4d9c59d702c57bda2c078221a1dadd23c-pod" id="0" name="TestSuite01_xml" package="UniqaAtFundManagementServiceV1_Test" skipped="0" tests="13" time="0.556" timestamp="2024-07-01T12:36:56">
      <properties>
[...]
</properties>

      <testcase classname="com.wm.ps.test.WmTestCase" name="0.0 TC01.01 - services - ping - success" time="0.095" />

      <testcase classname="com.wm.ps.test.WmTestCase" name="0.1 TC01.02 - services - getFundRate - success" time="0.024" />

      <testcase classname="com.wm.ps.test.WmTestCase" name="0.2 TC02.01 - pub - ping - success" time="0.034" />

      <testcase classname="com.wm.ps.test.WmTestCase" name="0.3 TC02.02 - pub - getFundRate - success" time="0.065" />

      <testcase classname="com.wm.ps.test.WmTestCase" name="0.4 TC03.01 - service - mapToBackend - getFundRate - mapGetFundRateRequest - elements" time="0.011" />

      <testcase classname="com.wm.ps.test.WmTestCase" name="0.5 TC04.01 - service - adapter- callSoInfoFundRateGetByTypeAndFundIdentifier - success" time="0.044" />

      <testcase classname="com.wm.ps.test.WmTestCase" name="0.6 TC04.02 - service - adapter- callSoInfoFundRateGetByTypeAndFundIdentifier - BE - Invalid or insufficient input parameter(s)" time="0.14" />

      <testcase classname="com.wm.ps.test.WmTestCase" name="0.7 TC05.01 - service - mapToMSG - mapToGetSoInfoFundRateGetByTypeAndFundIdentifierResponse - elements" time="0.012" />

      <testcase classname="com.wm.ps.test.WmTestCase" name="0.8 TC06.01 - service - errorHandling - checkSoInfoFundRateGetByTypeAndFundIdentifierResponse - SUCCESS" time="0.01" />

      <testcase classname="com.wm.ps.test.WmTestCase" name="0.9 TC06.02 - service - errorHandling - checkSoInfoFundRateGetByTypeAndFundIdentifierResponse - TE" time="0.015" />

      <testcase classname="com.wm.ps.test.WmTestCase" name="0.10 TC06.03 - service - errorHandling - checkSoInfoFundRateGetByTypeAndFundIdentifierResponse - BE Funds" time="0.014" />

      <testcase classname="com.wm.ps.test.WmTestCase" name="0.11 TC06.04 - service - errorHandling - checkSoInfoFundRateGetByTypeAndFundIdentifierResponse - BE Parameter" time="0.014" />

      <testcase classname="com.wm.ps.test.WmTestCase" name="0.12 TC06.05 - service - errorHandling - checkSoInfoFundRateGetByTypeAndFundIdentifierResponse - BE default" time="0.015" />

  </testsuite>
</testsuites>
