<?xml version="1.0" encoding="UTF-8" ?>
<testsuite errors="0" failures="0" hostname="ci-temp-pipeline-3vgmbt-solution-ut-task-pod" name="DemoProjectAtContractServiceV2_Test.DemoProjectAtContractService Unit Tests: 01 errorHandling" skipped="0" tests="45" time="0.538" timestamp="2024-03-07T08:59:30">
  <properties>
[...]
</properties>
  <testcase classname="com.wm.ps.test.WmTestCase" name="2.0 TC03 - errorHandling - checkReadResponse - SUCCESS" time="0.006" />
  <testcase classname="com.wm.ps.test.WmTestCase" name="2.1 TC04 - errorHandling - checkReadResponse - NOTFOUND" time="0.02" />
  <testcase classname="com.wm.ps.test.WmTestCase" name="2.2 TC05a - errorHandling - checkReadResponse - BAD_REQUEST_4010" time="0.013" />
  <testcase classname="com.wm.ps.test.WmTestCase" name="2.3 TC05b - errorHandling - checkReadResponse - BAD_REQUEST_4000" time="0.009" />
  <testcase classname="com.wm.ps.test.WmTestCase" name="2.4 TC06 - errorHandling - checkReadResponse - ERROR" time="0.009" />
  <testcase classname="com.wm.ps.test.WmTestCase" name="2.5 TC24 - errorHandling - checkReadPositionszeilenResponse - SUCCESS" time="0.006" />
  <testcase classname="com.wm.ps.test.WmTestCase" name="2.6 TC25 - errorHandling - checkReadPositionszeilenResponse - NOTFOUND" time="0.006" />
  <testcase classname="com.wm.ps.test.WmTestCase" name="2.7 TC26a - errorHandling - checkReadPositionszeilenResponse - BAD_REQUEST_4010" time="0.009" />
  <testcase classname="com.wm.ps.test.WmTestCase" name="2.8 TC26b - errorHandling - checkReadPositionszeilenResponse - BAD_REQUEST_4000" time="0.01" />
  <testcase classname="com.wm.ps.test.WmTestCase" name="2.9 TC27 - errorHandling - checkReadPositionszeilenResponse - ERROR" time="0.008" />
  <testcase classname="com.wm.ps.test.WmTestCase" name="2.10 TC27b - errorHandling - checkReadPositionszeilenResponse - FAULT HANDLING" time="0.026" />
  <testcase classname="com.wm.ps.test.WmTestCase" name="2.11 TC52 - errorHandling - checkSearchResponse - NOTFOUND" time="0.005" />
  <testcase classname="com.wm.ps.test.WmTestCase" name="2.12 TC53a - errorHandling - checkSearchResponse - BAD_REQUEST_4000" time="0.008" />
  <testcase classname="com.wm.ps.test.WmTestCase" name="2.13 TC53b - errorHandling - checkSearchResponse - BAD_REQUEST_4010" time="0.008" />
  <testcase classname="com.wm.ps.test.WmTestCase" name="2.14 TC53c - errorHandling - checkSearchResponse - BAD_REQUEST_4111 MessageId = 020006" time="0.008" />
  <testcase classname="com.wm.ps.test.WmTestCase" name="2.15 TC53d - errorHandling - checkSearchResponse - BAD_REQUEST_4112 MessageId = 200020" time="0.01" />
  <testcase classname="com.wm.ps.test.WmTestCase" name="2.16 TC53e - errorHandling - checkSearchResponse - BAD_REQUEST_4112 MessageId = 010805" time="0.01" />
  <testcase classname="com.wm.ps.test.WmTestCase" name="2.17 TC53f - errorHandling - checkSearchResponse - BAD_REQUEST_4103" time="0.011" />
  <testcase classname="com.wm.ps.test.WmTestCase" name="2.18 TC53g - errorHandling - checkSearchResponse - BAD_REQUEST_4104_200014" time="0.01" />
  <testcase classname="com.wm.ps.test.WmTestCase" name="2.19 TC53h - errorHandling - checkSearchResponse - BAD_REQUEST_4104_200015" time="0.013" />
  <testcase classname="com.wm.ps.test.WmTestCase" name="2.20 TC53i - errorHandling - checkSearchResponse - BAD_REQUEST_4202" time="0.011" />
  <testcase classname="com.wm.ps.test.WmTestCase" name="2.21 TC53j - errorHandling - checkSearchResponse - BAD_REQUEST_4011" time="0.01" />
  <testcase classname="com.wm.ps.test.WmTestCase" name="2.22 TC53k - errorHandling - checkSearchResponse - BAD_REQUEST_4119" time="0.009" />
  <testcase classname="com.wm.ps.test.WmTestCase" name="2.23 TC54 - errorHandling - checkSearchResponse - ERROR" time="0.011" />
  <testcase classname="com.wm.ps.test.WmTestCase" name="2.24 TC54a - errorHandling - checkSearchResponse - INTERNAL_ERROR" time="0.01" />
  <testcase classname="com.wm.ps.test.WmTestCase" name="2.25 TC54b - errorHandling - checkSearchResponse - FAULT HANDLING" time="0.007" />
  <testcase classname="com.wm.ps.test.WmTestCase" name="2.26 TC56 - errorHandling - checkReadVersicherteKFZResponse - NOTFOUND" time="0.006" />
  <testcase classname="com.wm.ps.test.WmTestCase" name="2.27 TC57a - errorHandling - checkReadVersicherteKFZResponse - BAD_REQUEST_4010" time="0.009" />
  <testcase classname="com.wm.ps.test.WmTestCase" name="2.28 TC57b - errorHandling - checkReadVersicherteKFZResponse - BAD_REQUEST_4000" time="0.008" />
  <testcase classname="com.wm.ps.test.WmTestCase" name="2.29 TC58 - errorHandling - checkReadVersicherteKFZResponse - ERROR" time="0.008" />
  <testcase classname="com.wm.ps.test.WmTestCase" name="2.30 TC76 - errorHandling - checkElektrAktLesenResponse - BAD_REQUEST_4000" time="0.008" />
  <testcase classname="com.wm.ps.test.WmTestCase" name="2.31 TC77 - errorHandling - checkElektrAktLesenResponse - BAD_REQUEST_4701" time="0.008" />
  <testcase classname="com.wm.ps.test.WmTestCase" name="2.32 TC78 - errorHandling - checkElektrAktLesenResponse - BAD_REQUEST_4702" time="0.009" />
  <testcase classname="com.wm.ps.test.WmTestCase" name="2.33 TC79 - errorHandling - checkElektrAktLesenResponse - BAD_REQUEST_4010" time="0.01" />
  <testcase classname="com.wm.ps.test.WmTestCase" name="2.34 TC80 - errorHandling - checkElektrAktLesenResponse - ERROR_5140" time="0.017" />
  <testcase classname="com.wm.ps.test.WmTestCase" name="2.35 TC81 - errorHandling - checkElektrAktLesenResponse - INTERNAL_ERROR" time="0.009" />
  <testcase classname="com.wm.ps.test.WmTestCase" name="2.36 TC82 - errorHandling - checkPerson_readPersonFinabest - BAD_REQUEST 4000" time="0.009" />
  <testcase classname="com.wm.ps.test.WmTestCase" name="2.37 TC83 - errorHandling - checkPerson_readPersonFinabest - BAD_REQUEST 4010" time="0.008" />
  <testcase classname="com.wm.ps.test.WmTestCase" name="2.38 TC95 - ErrorHandling - checkReadRiskoAdressenResponse - SUCCESS" time="0.006" />
  <testcase classname="com.wm.ps.test.WmTestCase" name="2.39 TC96 - ErrorHandling - checkReadRiskoAdressenResponse - NOTFOUND" time="0.006" />
  <testcase classname="com.wm.ps.test.WmTestCase" name="2.40 TC97 - ErrorHandling - checkReadRiskoAdressenResponse - ERROR" time="0.009" />
  <testcase classname="com.wm.ps.test.WmTestCase" name="2.41 TC98 - ErrorHandling - checkReadRiskoAdressenResponse - INTERNAL_ERROR" time="0.039" />
  <testcase classname="com.wm.ps.test.WmTestCase" name="2.42 TC99 - ErrorHandling - checkReadRiskoAdressenResponse - BAD_REQUEST - 4000" time="0.011" />
  <testcase classname="com.wm.ps.test.WmTestCase" name="2.43 TC100 - ErrorHandling - checkReadRiskoAdressenResponse - BAD_REQUEST - 4010" time="0.014" />
  <testcase classname="com.wm.ps.test.WmTestCase" name="2.44 TC101 - ErrorHandling - checkReadRiskoAdressenResponse - BAD_REQUEST - 4701" time="0.009" />
</testsuite>
