<?xml version="1.0" encoding="UTF-8" ?>
<testsuite errors="0" failures="2" hostname="ci-temp-pipeline-3vgmbt-solution-ut-task-pod" name="DemoProjectAtContractServiceV2_Test.DemoProjectAtContractService Unit Tests: 04 all other operations" skipped="0" tests="37" time="0.291" timestamp="2024-03-07T08:59:31">
  <properties>
[...]
</properties>
  <testcase classname="com.wm.ps.test.WmTestCase" name="3.0 TC23 - mapToBackend - mapToReadPositionszeilen" time="0.006" />
  <testcase classname="com.wm.ps.test.WmTestCase" name="3.1 TC28 - mapToUIDM - mapToGetContractRiskPositionsFormattedResponse" time="0.016" />
  <testcase classname="com.wm.ps.test.WmTestCase" name="3.2 TC29 - mapToUIDM - subMapVertragPositionsZeilen - many elements" time="0.006" />
  <testcase classname="com.wm.ps.test.WmTestCase" name="3.3 TC29a - mapToUIDM - subMapVertragPositionsZeilen - 1 element" time="0.006" />
  <testcase classname="com.wm.ps.test.WmTestCase" name="3.4 TC29b - mapToUIDM - subMapVertragPositionsZeilen - 0 elements" time="0.004" />
  <testcase classname="com.wm.ps.test.WmTestCase" name="3.5 TC30 - mapToUIDM - subMapErweiterungen - many elements" time="0.005" />
  <testcase classname="com.wm.ps.test.WmTestCase" name="3.6 TC30a - mapToUIDM - subMapErweiterungen - 1 element" time="0.005" />
  <testcase classname="com.wm.ps.test.WmTestCase" name="3.7 TC30b - mapToUIDM - subMapErweiterungen - 0 elements" time="0.006" />
  <testcase classname="com.wm.ps.test.WmTestCase" name="3.8 TC55 - mapToBackend - mapToReadVersicherteKFZ" time="0.007" />
  <testcase classname="com.wm.ps.test.WmTestCase" name="3.9 TC59 - mapToUIDM - subMapFahrzeugliste - 0 elements" time="0.005" />
  <testcase classname="com.wm.ps.test.WmTestCase" name="3.10 TC60 - mapToUIDM - subMapFahrzeugliste - 1 element" time="0.006" />
  <testcase classname="com.wm.ps.test.WmTestCase" name="3.11 TC61 - mapToUIDM - subMapFahrzeugliste - 3 elements" time="0.007" />
  <testcase classname="com.wm.ps.test.WmTestCase" name="3.12 TC62 - mapToUIDM - mapToGetContractInsuredObjectsResponse - 0 elements" time="0.005" />
  <testcase classname="com.wm.ps.test.WmTestCase" name="3.13 TC63 - mapToUIDM - mapToGetContractInsuredObjectsResponse - 1 element" time="0.007" />
  <testcase classname="com.wm.ps.test.WmTestCase" name="3.15 TC65 - mapToBackend - mapToVertragSearch" time="0.007" />
  <testcase classname="com.wm.ps.test.WmTestCase" name="3.16 TC66 - mapToBackend - mapGetElectronicFileListRequestToElektrAktLesen" time="0.006" />
  <testcase classname="com.wm.ps.test.WmTestCase" name="3.17 TC67 - mapToUIDM - mapToGetElectronicFileListResponse - multiple elements" time="0.009" />
  <testcase classname="com.wm.ps.test.WmTestCase" name="3.18 TC68 - mapToUIDM - mapToGetElectronicFileListResponse - one element" time="0.008" />
  <testcase classname="com.wm.ps.test.WmTestCase" name="3.19 TC69 - mapToUIDM - mapToGetElectronicFileListResponse - no element" time="0.006" />
  <testcase classname="com.wm.ps.test.WmTestCase" name="3.20 TC70 - mapToUIDM - subMapToElektronischerAktEintragListe - multiple elements" time="0.011" />
  <testcase classname="com.wm.ps.test.WmTestCase" name="3.21 TC71 - mapToUIDM - subMapToElektronischerAktEintragListe - one element" time="0.007" />
  <testcase classname="com.wm.ps.test.WmTestCase" name="3.22 TC72 - mapToUIDM - subMapToElektronischerAktEintragListe - no element" time="0.006" />
  <testcase classname="com.wm.ps.test.WmTestCase" name="3.23 TC73 - mapToUIDM - subMapToTextZeile - multiple elements" time="0.007" />
  <testcase classname="com.wm.ps.test.WmTestCase" name="3.24 TC74 - mapToUIDM - subMapToTextZeile - one element" time="0.005" />
  <testcase classname="com.wm.ps.test.WmTestCase" name="3.25 TC75 - mapToUIDM - subMapToTextZeile - no element" time="0.005" />
  <testcase classname="com.wm.ps.test.WmTestCase" name="3.26 TC84 - mapToUIDM - mapPOSPersonResourceTogetPolicyPaymentStatementList - n elements" time="0.008">
    <failure message="tns:getPolicyPaymentStatementListResponse/Finanzamtbestaetigungsliste/esb-ps:Finanzamtbestaetigung[0]/esb-ps:GueltigBisDatum :Expected and actual objects don&apos;t match.: expected &lt;2015-01-01&gt; but was &lt;2014-12-31&gt;" type="junit.framework.AssertionFailedError">junit.framework.AssertionFailedError: tns:getPolicyPaymentStatementListResponse/Finanzamtbestaetigungsliste/esb-ps:Finanzamtbestaetigung[0]/esb-ps:GueltigBisDatum :Expected and actual objects don&apos;t match.: expected &lt;2015-01-01&gt; but was &lt;2014-12-31&gt;
	at com.wm.ps.test.WmAssert.assertIDataEquals(WmAssert.java:246)
	at com.wm.ps.test.WmAssert.assertIDataEquals(WmAssert.java:178)
	at com.wm.ps.test.WmAssert.assertIDataEquals(WmAssert.java:135)
	at com.wm.ps.test.WmAssert.assertIDataEquals(WmAssert.java:135)
	at com.wm.ps.test.WmAssert.assertEquals(WmAssert.java:76)
	at com.wm.ps.test.DefaultResultsValidator.assertValid(DefaultResultsValidator.java:168)
	at com.wm.ps.test.WmTestCase.runInvoke(WmTestCase.java:1245)
	at com.wm.ps.test.WmTestCase.runTest(WmTestCase.java:1151)
	at com.softwareag.utf.runner.CompositeSuiteBuilder$1.runTest(CompositeSuiteBuilder.java:218)
	at com.softwareag.utf.runner.CompositeSuiteBuilder$1.run(CompositeSuiteBuilder.java:224)
	at com.softwareag.utf.runner.JUnit38ClassRunnerL.run(JUnit38ClassRunnerL.java:30)
	at com.softwareag.utf.runner.UTFSuiteCompositeRunner.runChild(UTFSuiteCompositeRunner.java:210)
	at com.softwareag.utf.runner.UTFSuiteCompositeRunner.runChild(UTFSuiteCompositeRunner.java:41)
</failure>
  </testcase>
  <testcase classname="com.wm.ps.test.WmTestCase" name="3.27 TC85 - mapToUIDM - mapPOSPersonResourceTogetPolicyPaymentStatementList - 1 element" time="0.008">
    <failure message="tns:getPolicyPaymentStatementListResponse/Finanzamtbestaetigungsliste/esb-ps:Finanzamtbestaetigung[0]/esb-ps:GueltigBisDatum :Expected and actual objects don&apos;t match.: expected &lt;2015-01-01&gt; but was &lt;2014-12-31&gt;" type="junit.framework.AssertionFailedError">junit.framework.AssertionFailedError: tns:getPolicyPaymentStatementListResponse/Finanzamtbestaetigungsliste/esb-ps:Finanzamtbestaetigung[0]/esb-ps:GueltigBisDatum :Expected and actual objects don&apos;t match.: expected &lt;2015-01-01&gt; but was &lt;2014-12-31&gt;
	at com.wm.ps.test.WmAssert.assertIDataEquals(WmAssert.java:246)
	at com.wm.ps.test.WmAssert.assertIDataEquals(WmAssert.java:178)
	at com.wm.ps.test.WmAssert.assertIDataEquals(WmAssert.java:135)
	at com.wm.ps.test.WmAssert.assertIDataEquals(WmAssert.java:135)
	at com.wm.ps.test.WmAssert.assertEquals(WmAssert.java:76)
	at com.wm.ps.test.DefaultResultsValidator.assertValid(DefaultResultsValidator.java:168)
	at com.wm.ps.test.WmTestCase.runInvoke(WmTestCase.java:1245)
	at com.wm.ps.test.WmTestCase.runTest(WmTestCase.java:1151)
	at com.softwareag.utf.runner.CompositeSuiteBuilder$1.runTest(CompositeSuiteBuilder.java:218)
	at com.softwareag.utf.runner.CompositeSuiteBuilder$1.run(CompositeSuiteBuilder.java:224)
	at com.softwareag.utf.runner.JUnit38ClassRunnerL.run(JUnit38ClassRunnerL.java:30)
	at com.softwareag.utf.runner.UTFSuiteCompositeRunner.runChild(UTFSuiteCompositeRunner.java:210)
	at com.softwareag.utf.runner.UTFSuiteCompositeRunner.runChild(UTFSuiteCompositeRunner.java:41)
</failure>
  </testcase>
  <testcase classname="com.wm.ps.test.WmTestCase" name="3.28 TC86 - mapToUIDM - mapPOSPersonResourceTogetPolicyPaymentStatementList - 0 elements" time="0.006" />
  <testcase classname="com.wm.ps.test.WmTestCase" name="3.29 TC87 - mapToBackend - mapPOSPersonResourceTogetPolicyPaymentStatementList - 0 elements" time="0.005" />
  <testcase classname="com.wm.ps.test.WmTestCase" name="3.30 TC93 - splitStreetName - OK" time="0.005" />
  <testcase classname="com.wm.ps.test.WmTestCase" name="3.31 TC94 - splitStreetName - NOK" time="0.004" />
  <testcase classname="com.wm.ps.test.WmTestCase" name="3.32 TC102 - mapToBackend - mapToReadRiskoAdressen" time="0.005" />
  <testcase classname="com.wm.ps.test.WmTestCase" name="3.33 TC103 - mapToUIDM - subMapToRiskObjectList - one address" time="0.006" />
  <testcase classname="com.wm.ps.test.WmTestCase" name="3.34 TC104 - maptpUIDM - subMapToRiskObjectList - another addresses" time="0.006" />
  <testcase classname="com.wm.ps.test.WmTestCase" name="3.35 TC105 - mapToUIDM - mapToGetRiskObjectListResponse - one address" time="0.006" />
  <testcase classname="com.wm.ps.test.WmTestCase" name="3.36 TC106 - mapToUIDM - mapToGetRiskObjectListResponse - two address" time="0.007" />
  <testcase classname="com.wm.ps.test.WmTestCase" name="3.37 TC108 - mapToUIDM - subMapToHauptsparte" time="0.005" />
</testsuite>
