<?xml version="1.0" encoding="UTF-8" ?>
<testsuite errors="1" failures="0" hostname="ci-temp-pipeline-3vgmbt-solution-ut-task-pod" name="DemoProjectAtContractServiceV2_Test.DemoProjectAtContractService Unit Tests: 02 getContractDetails" skipped="0" tests="29" time="0.674" timestamp="2024-03-07T08:59:29">
  <properties>
[...]
</properties>
  <testcase classname="com.wm.ps.test.WmTestCase" name="0.0 TC02 - mapToBackend - mapGetContractDetailsRequestToRead" time="0.089" />
  <testcase classname="com.wm.ps.test.WmTestCase" name="0.1 TC07 - mapToUIDM - mapToGetContractDetailsResponse" time="0.218">
    <error message="[ISC.0049.9010] Service &apos;uniqa.integration.ecm.accessmanagement.pub:isTechnicalUserOnAuthConfig&apos; invoking unknown service &apos;uniqa.logging.pub.all:logError&apos; at &apos;Invoke for uniqa.logging.pub.all:logError&apos;. The service may have been renamed, moved or disabled." type="com.wm.app.b2b.client.ServiceException">com.wm.lang.flow.FlowException:[ISC.0049.9010] Service &apos;uniqa.integration.ecm.accessmanagement.pub:isTechnicalUserOnAuthConfig&apos; invoking unknown service &apos;uniqa.logging.pub.all:logError&apos; at &apos;Invoke for uniqa.logging.pub.all:logError&apos;. The service may have been renamed, moved or disabled.
</error>
  </testcase>
  <testcase classname="com.wm.ps.test.WmTestCase" name="0.2 TC08 - mapToUIDM - subMapAenderungsgrund" time="0.03" />
  <testcase classname="com.wm.ps.test.WmTestCase" name="0.3 TC09 - mapToUIDM - subMapBankverbindung" time="0.013" />
  <testcase classname="com.wm.ps.test.WmTestCase" name="0.4 TC10 - mapToUIDM - subMapBeitrag" time="0.012" />
  <testcase classname="com.wm.ps.test.WmTestCase" name="0.5 TC11 - mapToUIDM - subMapHostsystem" time="0.009" />
  <testcase classname="com.wm.ps.test.WmTestCase" name="0.6 TC12 - mapToUIDM - subMapProvisionsteilung - 2 elements" time="0.009" />
  <testcase classname="com.wm.ps.test.WmTestCase" name="0.7 TC12a - mapToUIDM - subMapProvisionsteilung - 1 element" time="0.009" />
  <testcase classname="com.wm.ps.test.WmTestCase" name="0.8 TC12b - mapToUIDM - subMapProvisionsteilung - 0 elements" time="0.009" />
  <testcase classname="com.wm.ps.test.WmTestCase" name="0.9 TC13 - mapToUIDM - subMapVerkaufsprodukt" time="0.009" />
  <testcase classname="com.wm.ps.test.WmTestCase" name="0.10 TC14 - mapToUIDM - subMapVermittler" time="0.011" />
  <testcase classname="com.wm.ps.test.WmTestCase" name="0.11 TC15 - mapToUIDM - subMapVertragsklauseln - 2 elements" time="0.037" />
  <testcase classname="com.wm.ps.test.WmTestCase" name="0.12 TC15a - mapToUIDM - subMapVertragsklauseln - 1 element with 2 Klasuenzeilen" time="0.009" />
  <testcase classname="com.wm.ps.test.WmTestCase" name="0.13 TC15b - mapToUIDM - subMapVertragsklauseln - 0 elements" time="0.008" />
  <testcase classname="com.wm.ps.test.WmTestCase" name="0.14 TC15c - mapToUIDM - subMapVertragsklauseln - 1 element with 1 Klausenzeile" time="0.009" />
  <testcase classname="com.wm.ps.test.WmTestCase" name="0.15 TC15d - mapToUIDM - subMapVertragsklauseln - 1 element with 0 Klausenzeile" time="0.012" />
  <testcase classname="com.wm.ps.test.WmTestCase" name="0.16 TC16 - mapToUIDM - subMapVertragspersonen - 2 elements" time="0.009" />
  <testcase classname="com.wm.ps.test.WmTestCase" name="0.17 TC16a - mapToUIDM - subMapVertragspersonen - 1 element" time="0.01" />
  <testcase classname="com.wm.ps.test.WmTestCase" name="0.18 TC16b - mapToUIDM - subMapVertragspersonen - 0 elements" time="0.009" />
  <testcase classname="com.wm.ps.test.WmTestCase" name="0.19 TC17 - mapToUIDM - subMapVertragsstatus" time="0.007" />
  <testcase classname="com.wm.ps.test.WmTestCase" name="0.20 TC18 - subMapToUIDM - subMapVertragszuordnungen - 2 elements" time="0.008" />
  <testcase classname="com.wm.ps.test.WmTestCase" name="0.21 TC18a - subMapToUIDM - subMapVertragszuordnungen - 1 element" time="0.007" />
  <testcase classname="com.wm.ps.test.WmTestCase" name="0.22 TC18b - subMapToUIDM - subMapVertragszuordnungen - 0 elements" time="0.008" />
  <testcase classname="com.wm.ps.test.WmTestCase" name="0.23 TC19 - subMapToUIDM - subMapZahlungsart" time="0.007" />
  <testcase classname="com.wm.ps.test.WmTestCase" name="0.24 TC20 - subMapToUIDM - subMapZahlungsweise" time="0.008" />
  <testcase classname="com.wm.ps.test.WmTestCase" name="0.25 TC21 - mapToUIDM - subMapLeistungsstoerung - J" time="0.006" />
  <testcase classname="com.wm.ps.test.WmTestCase" name="0.26 TC22 - mapToUIDM - subMapLeistungsstoerung - N" time="0.007" />
  <testcase classname="com.wm.ps.test.WmTestCase" name="0.27 TC22a - mapToUIDM - subMapLeistungsstoerung - N (null)" time="0.006" />
  <testcase classname="com.wm.ps.test.WmTestCase" name="0.28 TC23 - mapToUIDM - subMapContractDetails - subMapKlauselZeile" time="0.006" />
</testsuite>
