<?xml version="1.0" encoding="UTF-8" ?>
<testsuites>
  <testsuite errors="0" failures="0" hostname="uits-integration-msr-bpr-se5483f966c49ed387747b50e1ab43b4e2-pod" id="0" name="UniqaAtBpmsStartServiceDoWF - Testsuite01_xml" package="UniqaAtBpmsStartServiceDoWF_Test" skipped="0" tests="19" time="1.223" timestamp="2024-07-03T06:53:17">
      <properties>
[...]
</properties>

      <testcase classname="com.wm.ps.test.WmTestCase" name="0.0 tc01 - ping" time="0.202" />

      <testcase classname="com.wm.ps.test.WmTestCase" name="0.1 tc03 - mapToDocumentWorkflow" time="0.018" />

      <testcase classname="com.wm.ps.test.WmTestCase" name="0.2 tc04 - errorHandling - checkCallStartDocumentWorkflowData CRITICAL_ERROR" time="0.159" />

      <testcase classname="com.wm.ps.test.WmTestCase" name="0.3 tc05 - errorHandling - checkCallStartDocumentWorkflowData DUPLICATE_ERROR" time="0.025" />

      <testcase classname="com.wm.ps.test.WmTestCase" name="0.4 tc06 - errorHandling - checkCallStartDocumentWorkflowData VALIDATION_ERROR" time="0.021" />

      <testcase classname="com.wm.ps.test.WmTestCase" name="0.5 tc07 - errorHandling - checkCallStartDocumentWorkflowData SAVE_ERROR" time="0.023" />

      <testcase classname="com.wm.ps.test.WmTestCase" name="0.6 tc08 - errorHandling - checkCallStartDocumentWorkflowData UNKNOWN_ERROR" time="0.018" />

      <testcase classname="com.wm.ps.test.WmTestCase" name="0.7 tc09 - validation - callId is mandatory" time="0.029" />

      <testcase classname="com.wm.ps.test.WmTestCase" name="0.8 tc10 - validation - location is mandatory" time="0.02" />

      <testcase classname="com.wm.ps.test.WmTestCase" name="0.9 tc11 - validation - provider is mandatory" time="0.018" />

      <testcase classname="com.wm.ps.test.WmTestCase" name="0.10 tc12 - validation - StartDocumentWorkflowProperties is mandatory" time="0.022" />

      <testcase classname="com.wm.ps.test.WmTestCase" name="0.11 tc13 - validation - StartDocumentWorkflowProperties/propertyName is mandatory" time="0.017" />

      <testcase classname="com.wm.ps.test.WmTestCase" name="0.12 tc14 - validation - StartDocumentWorkflowProperties/propertyValue is mandatory" time="0.019" />

      <testcase classname="com.wm.ps.test.WmTestCase" name="0.13 tc15 - validation - positive" time="0.018" />

      <testcase classname="com.wm.ps.test.WmTestCase" name="0.14 TC16.01 - rs - callDocumentWorkflow - success *" time="0.057" />

      <testcase classname="com.wm.ps.test.WmTestCase" name="0.15 TC16.02 - rs - callDocumentWorkflow - exception - stream processing *" time="0.124" />

      <testcase classname="com.wm.ps.test.WmTestCase" name="0.16 TC16.03 - rs - callDocumentWorkflow - exception - processing *" time="0.035" />

      <testcase classname="com.wm.ps.test.WmTestCase" name="0.17 TC17.01 - mapIDMToUniqaWFWSService - streamToStartDocumentWorkflowRequest - payload only *" time="0.151" />

      <testcase classname="com.wm.ps.test.WmTestCase" name="0.18 TC17.02 - mapIDMToUniqaWFWSService - streamToStartDocumentWorkflowRequest - no payload &amp; 1 attachment *" time="0.112" />

  </testsuite>
  <testsuite errors="0" failures="0" hostname="uits-integration-msr-bpr-se5483f966c49ed387747b50e1ab43b4e2-pod" id="1" name="UniqaAtBpmsStartServiceEBF - Testsuite01_xml" package="UniqaAtBpmsStartServiceEBF_Test" skipped="0" tests="10" time="0.248" timestamp="2024-07-03T06:53:18">
      <properties>
[...]
</properties>

      <testcase classname="com.wm.ps.test.WmTestCase" name="1.0 tc01 - ping" time="0.024" />

      <testcase classname="com.wm.ps.test.WmTestCase" name="1.1 tc02 - mapEbfprocessRestRequestToUniqaEBFService" time="0.017" />

      <testcase classname="com.wm.ps.test.WmTestCase" name="1.2 tc03 - mapStartEBFProcessResponse" time="0.015" />

      <testcase classname="com.wm.ps.test.WmTestCase" name="1.3 tc04 - errorHandling - checkStartEBFProcessResponse rc 1" time="0.02" />

      <testcase classname="com.wm.ps.test.WmTestCase" name="1.4 tc05 - errorHandling - checkStartEBFProcessResponse rc 2" time="0.016" />

      <testcase classname="com.wm.ps.test.WmTestCase" name="1.5 tc06 - mapEbfprocessRestRequestToUniqaEBFService - no SchwebeID" time="0.048" />

      <testcase classname="com.wm.ps.test.WmTestCase" name="1.6 tc07 - mapEbfprocessRestRequestToUniqaEBFService - creatorID null" time="0.017" />

      <testcase classname="com.wm.ps.test.WmTestCase" name="1.7 tc08 - mapEbfprocessRestRequestToUniqaEBFService - creatorID empty" time="0.015" />

      <testcase classname="com.wm.ps.test.WmTestCase" name="1.8 tc09 - mapEbfprocessRestRequestToUniqaEBFService - creatorID 17 chars" time="0.015" />

      <testcase classname="com.wm.ps.test.WmTestCase" name="1.9 tc10 - mapEbfprocessRestRequestToUniqaEBFService - creatorID under 16 chars" time="0.015" />

  </testsuite>
</testsuites>
