<?xml version="1.0" encoding="UTF-8" ?>
<testsuite errors="3" failures="1" hostname="ci-temp-pipeline-3vgmbt-solution-ut-task-pod" name="AcmeAtContractServiceV2_Test.AcmeAtContractService Unit Tests: 02 searchContracts" skipped="0" tests="31" time="0.316" timestamp="2024-03-07T08:59:30">
  <properties>
[...]
</properties>
  <testcase classname="com.wm.ps.test.WmTestCase" name="1.0 TC01.01 -  mapToUIDM - subMapToVertrag (no techn user auth)" time="0.02">
    <error message="[ISC.0049.9010] Service &apos;uniqa.integration.ecm.accessmanagement.pub:isTechnicalUserOnAuthConfig&apos; invoking unknown service &apos;uniqa.logging.pub.all:logError&apos; at &apos;Invoke for uniqa.logging.pub.all:logError&apos;. The service may have been renamed, moved or disabled." type="com.wm.app.b2b.client.ServiceException">com.wm.lang.flow.FlowException:[ISC.0049.9010] Service &apos;uniqa.integration.ecm.accessmanagement.pub:isTechnicalUserOnAuthConfig&apos; invoking unknown service &apos;uniqa.logging.pub.all:logError&apos; at &apos;Invoke for uniqa.logging.pub.all:logError&apos;. The service may have been renamed, moved or disabled.
</error>
  </testcase>
  <testcase classname="com.wm.ps.test.WmTestCase" name="1.1 TC01.02 -  mapToUIDM - subMapToVertrag (techn user auth)" time="0.024" />
  <testcase classname="com.wm.ps.test.WmTestCase" name="1.2 TC31 - mapToUIDM - subMapToBeitrag" time="0.006" />
  <testcase classname="com.wm.ps.test.WmTestCase" name="1.3 TC31a - mapToUIDM - subMapToBeitrag" time="0.006" />
  <testcase classname="com.wm.ps.test.WmTestCase" name="1.4 TC32 - mapToUIDM - subMapToBerufsschlussel" time="0.005" />
  <testcase classname="com.wm.ps.test.WmTestCase" name="1.5 TC33 - mapToUIDM - subMapToVertragsnummer" time="0.005" />
  <testcase classname="com.wm.ps.test.WmTestCase" name="1.6 TC34 - mapToUIDM - subMapToPolizzentyp" time="0.005" />
  <testcase classname="com.wm.ps.test.WmTestCase" name="1.7 TC35 - mapToUIDM - subMapToHostsystem" time="0.005" />
  <testcase classname="com.wm.ps.test.WmTestCase" name="1.8 TC36 - mapToUIDM - subMapToVermittler" time="0.006" />
  <testcase classname="com.wm.ps.test.WmTestCase" name="1.9 TC37 - mapToUIDM - subMapToProdukt" time="0.005" />
  <testcase classname="com.wm.ps.test.WmTestCase" name="1.10 TC38 - mapToUIDM - subMapToZahlungsweise" time="0.005" />
  <testcase classname="com.wm.ps.test.WmTestCase" name="1.11 TC39 - mapToUIDM - subMapToZahlungsart" time="0.005" />
  <testcase classname="com.wm.ps.test.WmTestCase" name="1.12 TC40 - mapToUIDM - subMapToVertragsstatus" time="0.004" />
  <testcase classname="com.wm.ps.test.WmTestCase" name="1.13 TC41 - mapToUIDM - subMapToPartnertyp" time="0.005" />
  <testcase classname="com.wm.ps.test.WmTestCase" name="1.14 TC41a - mapToUIDM - subMapToPartnerContainer - NatuerlichePerson" time="0.016">
    <failure message="partnerContainer[0]/partner:NatuerlichePerson/partner:Geburtsdatum :Expected and actual objects don&apos;t match.: expected &lt;1980-02-01&gt; but was &lt;1980-01-31&gt;" type="junit.framework.AssertionFailedError">junit.framework.AssertionFailedError: partnerContainer[0]/partner:NatuerlichePerson/partner:Geburtsdatum :Expected and actual objects don&apos;t match.: expected &lt;1980-02-01&gt; but was &lt;1980-01-31&gt;
	at com.wm.ps.test.WmAssert.assertIDataEquals(WmAssert.java:246)
	at com.wm.ps.test.WmAssert.assertIDataEquals(WmAssert.java:135)
	at com.wm.ps.test.WmAssert.assertIDataEquals(WmAssert.java:178)
	at com.wm.ps.test.WmAssert.assertEquals(WmAssert.java:76)
	at com.wm.ps.test.DefaultResultsValidator.assertValid(DefaultResultsValidator.java:168)
	at com.wm.ps.test.WmTestCase.runInvoke(WmTestCase.java:1245)
	at com.wm.ps.test.WmTestCase.runTest(WmTestCase.java:1151)
	at com.softwareag.utf.runner.CompositeSuiteBuilder$1.runTest(CompositeSuiteBuilder.java:218)
	at com.softwareag.utf.runner.CompositeSuiteBuilder$1.run(CompositeSuiteBuilder.java:224)
	at com.softwareag.utf.runner.JUnit38ClassRunnerL.run(JUnit38ClassRunnerL.java:30)
	at com.softwareag.utf.runner.UTFSuiteCompositeRunner.runChild(UTFSuiteCompositeRunner.java:210)
	at com.softwareag.utf.runner.UTFSuiteCompositeRunner.runChild(UTFSuiteCompositeRunner.java:41)
</failure>
  </testcase>
  <testcase classname="com.wm.ps.test.WmTestCase" name="1.15 TC41b - mapToUIDM - subMapToPartnerContainer - Null" time="0.007" />
  <testcase classname="com.wm.ps.test.WmTestCase" name="1.16 TC42 - mapToUIDM - subMapToAkademischertitel" time="0.007" />
  <testcase classname="com.wm.ps.test.WmTestCase" name="1.17 TC43 - mapToUIDM - subMapToGeschlecht" time="0.006" />
  <testcase classname="com.wm.ps.test.WmTestCase" name="1.18 TC44 - mapToUIDM - subMapToFamilienstand" time="0.006" />
  <testcase classname="com.wm.ps.test.WmTestCase" name="1.19 TC45 - mapToUIDM - subMapToStaatsangehoerigkeit" time="0.005" />
  <testcase classname="com.wm.ps.test.WmTestCase" name="1.20 TC46 - mapToUIDM - subMapToRechtsform" time="0.005" />
  <testcase classname="com.wm.ps.test.WmTestCase" name="1.21 TC47 - mapToUIDM - subMapToBetriebsart" time="0.007" />
  <testcase classname="com.wm.ps.test.WmTestCase" name="1.22 TC48 - mapToUIDM - subMapToAnschrift" time="0.006" />
  <testcase classname="com.wm.ps.test.WmTestCase" name="1.23 TC49 - mapToUIDM - mapToSearchContractsResponse - 1 element" time="0.029">
    <error message="[ISC.0049.9010] Service &apos;uniqa.integration.ecm.accessmanagement.pub:isTechnicalUserOnAuthConfig&apos; invoking unknown service &apos;uniqa.logging.pub.all:logError&apos; at &apos;Invoke for uniqa.logging.pub.all:logError&apos;. The service may have been renamed, moved or disabled." type="com.wm.app.b2b.client.ServiceException">com.wm.lang.flow.FlowException:[ISC.0049.9010] Service &apos;uniqa.integration.ecm.accessmanagement.pub:isTechnicalUserOnAuthConfig&apos; invoking unknown service &apos;uniqa.logging.pub.all:logError&apos; at &apos;Invoke for uniqa.logging.pub.all:logError&apos;. The service may have been renamed, moved or disabled.
</error>
  </testcase>
  <testcase classname="com.wm.ps.test.WmTestCase" name="1.24 TC50 - mapToUIDM - mapToSearchContractsResponse - 2 elements" time="0.031">
    <error message="[ISC.0049.9010] Service &apos;uniqa.integration.ecm.accessmanagement.pub:isTechnicalUserOnAuthConfig&apos; invoking unknown service &apos;uniqa.logging.pub.all:logError&apos; at &apos;Invoke for uniqa.logging.pub.all:logError&apos;. The service may have been renamed, moved or disabled." type="com.wm.app.b2b.client.ServiceException">com.wm.lang.flow.FlowException:[ISC.0049.9010] Service &apos;uniqa.integration.ecm.accessmanagement.pub:isTechnicalUserOnAuthConfig&apos; invoking unknown service &apos;uniqa.logging.pub.all:logError&apos; at &apos;Invoke for uniqa.logging.pub.all:logError&apos;. The service may have been renamed, moved or disabled.
</error>
  </testcase>
  <testcase classname="com.wm.ps.test.WmTestCase" name="1.25 TC51 - mapToUIDM - mapToSearchContractsResponse - 0 elements" time="0.007" />
  <testcase classname="com.wm.ps.test.WmTestCase" name="1.26 TC65 - mapToBackend - mapToVertragSearch" time="0.008" />
  <testcase classname="com.wm.ps.test.WmTestCase" name="1.27 TC107 - mapToUIDM - subMapBenutzerAuthorisierung - all 3 attributes set" time="0.007" />
  <testcase classname="com.wm.ps.test.WmTestCase" name="1.28 TC107b - mapToUIDM - subMapBenutzerAuthorisierung - 1 attribute set" time="0.007" />
  <testcase classname="com.wm.ps.test.WmTestCase" name="1.29 TC107c - mapToUIDM - subMapBenutzerAuthorisierung - 0 attributes set" time="0.006" />
  <testcase classname="com.wm.ps.test.WmTestCase" name="1.30 TC108 - mapToUIDM - subMapToHauptsparte" time="0.006" />
</testsuite>
